<?xml version="1.0" encoding="UTF-8"?>
<testng-results ignored="0" total="2" passed="2" failed="0" skipped="0">
  <reporter-output>
  </reporter-output>
  <suite started-at="2022-08-22T14:28:42 IST" name="Default suite" finished-at="2022-08-22T14:28:42 IST" duration-ms="88">
    <groups>
    </groups>
    <test started-at="2022-08-22T14:28:42 IST" name="Default test" finished-at="2022-08-22T14:28:42 IST" duration-ms="88">
      <class name="comPractice.Dp">
        <test-method signature="Sample(java.lang.String)[pri:0, instance:comPractice.Dp@3514a4c0]" started-at="2022-08-22T14:28:42 IST" name="Sample" data-provider="dataProviderTicket" finished-at="2022-08-22T14:28:42 IST" duration-ms="10" status="PASS">
          <params>
            <param index="0">
              <value>
                <![CDATA[Kalaburgi]]>
              </value>
            </param>
          </params>
          <reporter-output>
          </reporter-output>
        </test-method> <!-- Sample -->
        <test-method signature="Sample(java.lang.String)[pri:0, instance:comPractice.Dp@3514a4c0]" started-at="2022-08-22T14:28:42 IST" name="Sample" data-provider="dataProviderTicket" finished-at="2022-08-22T14:28:42 IST" duration-ms="2" status="PASS">
          <params>
            <param index="0">
              <value>
                <![CDATA[Krtrtk]]>
              </value>
            </param>
          </params>
          <reporter-output>
          </reporter-output>
        </test-method> <!-- Sample -->
      </class> <!-- comPractice.Dp -->
    </test> <!-- Default test -->
  </suite> <!-- Default suite -->
</testng-results>
